<?xml version="1.0" encoding="UTF-8"?>
<!-- Generated by org.testng.reporters.JUnitReportReporter -->
<testsuite name="com.mma.testcases.LoginTest" tests="1" time="11.047" ignored="0" failures="0" timestamp="21 Jul 2020 14:40:54 GMT" skipped="0" hostname="LAPTOP-RINJJ0C1" errors="0">
  <testcase name="loginIain" time="11.047" classname="com.mma.testcases.LoginTest"/>
</testsuite> <!-- com.mma.testcases.LoginTest -->
